<?xml version="1.0" encoding="UTF-8"?>
<testsuite name="ohtu.lyyrakortti.KassapaateTest" tests="4" skipped="0" failures="0" errors="0" timestamp="2017-04-18T11:53:10" hostname="Omistaja-MacBook-Pro.local" time="0.356">
  <properties/>
  <testcase name="korttiaEiLadataJosParametriNegatiivinen" classname="ohtu.lyyrakortti.KassapaateTest" time="0.342"/>
  <testcase name="kortiltaVelotetaanHintaJosRahaaOn" classname="ohtu.lyyrakortti.KassapaateTest" time="0.01"/>
  <testcase name="korttiLadataanJosParametriPositiivinen" classname="ohtu.lyyrakortti.KassapaateTest" time="0.001"/>
  <testcase name="kortiltaEiVelotetaJosRahaEiRiita" classname="ohtu.lyyrakortti.KassapaateTest" time="0.001"/>
  <system-out><![CDATA[]]></system-out>
  <system-err><![CDATA[]]></system-err>
</testsuite>
